<?xml version="1.0" encoding="UTF-8"?>
<testsuite xmlns:xsi="http://www.w3.org/2001/XMLSchema-instance" xsi:noNamespaceSchemaLocation="https://maven.apache.org/surefire/maven-surefire-plugin/xsd/surefire-test-report.xsd" name="za.ac.nwu.ac.logic.flow.impl.CreateAccountTypeFlowImplTest" time="12.428" tests="1" errors="1" skipped="0" failures="0">
  <properties>
    <property name="java.specification.version" value="16"/>
    <property name="sun.cpu.isalist" value="amd64"/>
    <property name="sun.jnu.encoding" value="Cp1252"/>
    <property name="java.class.path" value="C:\DO\nwu\AccuntSystem\AccountSystemLogic\target\test-classes;C:\DO\nwu\AccuntSystem\AccountSystemLogic\target\classes;C:\DO\nwu\AccuntSystem\AccountSystemDomain\target\AccountSystemDomain-1.0-SNAPSHOT.jar;C:\DO\nwu\repo\io\swagger\swagger-annotations\1.5.20\swagger-annotations-1.5.20.jar;C:\DO\nwu\repo\com\fasterxml\jackson\core\jackson-annotations\2.9.0\jackson-annotations-2.9.0.jar;C:\DO\nwu\AccuntSystem\AccountSystemTranslator\target\AccountSystemTranslator-1.0-SNAPSHOT.jar;C:\DO\nwu\AccuntSystem\AccountSystemRepository\target\AccountSystemRepository-1.0-SNAPSHOT.jar;C:\DO\nwu\repo\org\springframework\boot\spring-boot-starter\2.1.6.RELEASE\spring-boot-starter-2.1.6.RELEASE.jar;C:\DO\nwu\repo\org\springframework\boot\spring-boot\2.1.6.RELEASE\spring-boot-2.1.6.RELEASE.jar;C:\DO\nwu\repo\org\springframework\spring-context\5.1.8.RELEASE\spring-context-5.1.8.RELEASE.jar;C:\DO\nwu\repo\org\springframework\spring-expression\5.1.8.RELEASE\spring-expression-5.1.8.RELEASE.jar;C:\DO\nwu\repo\org\springframework\boot\spring-boot-autoconfigure\2.1.6.RELEASE\spring-boot-autoconfigure-2.1.6.RELEASE.jar;C:\DO\nwu\repo\org\springframework\boot\spring-boot-starter-logging\2.1.6.RELEASE\spring-boot-starter-logging-2.1.6.RELEASE.jar;C:\DO\nwu\repo\ch\qos\logback\logback-classic\1.2.3\logback-classic-1.2.3.jar;C:\DO\nwu\repo\ch\qos\logback\logback-core\1.2.3\logback-core-1.2.3.jar;C:\DO\nwu\repo\org\apache\logging\log4j\log4j-to-slf4j\2.11.2\log4j-to-slf4j-2.11.2.jar;C:\DO\nwu\repo\org\apache\logging\log4j\log4j-api\2.11.2\log4j-api-2.11.2.jar;C:\DO\nwu\repo\org\slf4j\jul-to-slf4j\1.7.26\jul-to-slf4j-1.7.26.jar;C:\DO\nwu\repo\javax\annotation\javax.annotation-api\1.3.2\javax.annotation-api-1.3.2.jar;C:\DO\nwu\repo\org\springframework\spring-core\5.1.8.RELEASE\spring-core-5.1.8.RELEASE.jar;C:\DO\nwu\repo\org\springframework\spring-jcl\5.1.8.RELEASE\spring-jcl-5.1.8.RELEASE.jar;C:\DO\nwu\repo\org\yaml\snakeyaml\1.23\snakeyaml-1.23.jar;C:\DO\nwu\repo\org\springframework\boot\spring-boot-starter-data-jpa\2.1.6.RELEASE\spring-boot-starter-data-jpa-2.1.6.RELEASE.jar;C:\DO\nwu\repo\org\springframework\boot\spring-boot-starter-aop\2.1.6.RELEASE\spring-boot-starter-aop-2.1.6.RELEASE.jar;C:\DO\nwu\repo\org\springframework\spring-aop\5.1.8.RELEASE\spring-aop-5.1.8.RELEASE.jar;C:\DO\nwu\repo\org\aspectj\aspectjweaver\1.9.4\aspectjweaver-1.9.4.jar;C:\DO\nwu\repo\org\springframework\boot\spring-boot-starter-jdbc\2.1.6.RELEASE\spring-boot-starter-jdbc-2.1.6.RELEASE.jar;C:\DO\nwu\repo\com\zaxxer\HikariCP\3.2.0\HikariCP-3.2.0.jar;C:\DO\nwu\repo\org\springframework\spring-jdbc\5.1.8.RELEASE\spring-jdbc-5.1.8.RELEASE.jar;C:\DO\nwu\repo\javax\transaction\javax.transaction-api\1.3\javax.transaction-api-1.3.jar;C:\DO\nwu\repo\javax\xml\bind\jaxb-api\2.3.1\jaxb-api-2.3.1.jar;C:\DO\nwu\repo\javax\activation\javax.activation-api\1.2.0\javax.activation-api-1.2.0.jar;C:\DO\nwu\repo\org\hibernate\hibernate-core\5.3.10.Final\hibernate-core-5.3.10.Final.jar;C:\DO\nwu\repo\org\jboss\logging\jboss-logging\3.3.2.Final\jboss-logging-3.3.2.Final.jar;C:\DO\nwu\repo\javax\persistence\javax.persistence-api\2.2\javax.persistence-api-2.2.jar;C:\DO\nwu\repo\org\javassist\javassist\3.23.2-GA\javassist-3.23.2-GA.jar;C:\DO\nwu\repo\antlr\antlr\2.7.7\antlr-2.7.7.jar;C:\DO\nwu\repo\org\jboss\jandex\2.0.5.Final\jandex-2.0.5.Final.jar;C:\DO\nwu\repo\com\fasterxml\classmate\1.4.0\classmate-1.4.0.jar;C:\DO\nwu\repo\org\dom4j\dom4j\2.1.1\dom4j-2.1.1.jar;C:\DO\nwu\repo\org\hibernate\common\hibernate-commons-annotations\5.0.4.Final\hibernate-commons-annotations-5.0.4.Final.jar;C:\DO\nwu\repo\org\springframework\data\spring-data-jpa\2.1.9.RELEASE\spring-data-jpa-2.1.9.RELEASE.jar;C:\DO\nwu\repo\org\springframework\data\spring-data-commons\2.1.9.RELEASE\spring-data-commons-2.1.9.RELEASE.jar;C:\DO\nwu\repo\org\springframework\spring-orm\5.1.8.RELEASE\spring-orm-5.1.8.RELEASE.jar;C:\DO\nwu\repo\org\springframework\spring-tx\5.1.8.RELEASE\spring-tx-5.1.8.RELEASE.jar;C:\DO\nwu\repo\org\springframework\spring-beans\5.1.8.RELEASE\spring-beans-5.1.8.RELEASE.jar;C:\DO\nwu\repo\org\slf4j\slf4j-api\1.7.26\slf4j-api-1.7.26.jar;C:\DO\nwu\repo\org\springframework\spring-aspects\5.1.8.RELEASE\spring-aspects-5.1.8.RELEASE.jar;C:\DO\nwu\repo\com\oracle\database\jdbc\ojdbc8\19.3.0.0\ojdbc8-19.3.0.0.jar;C:\DO\nwu\repo\com\oracle\database\jdbc\ucp\19.3.0.0\ucp-19.3.0.0.jar;C:\DO\nwu\repo\com\oracle\database\security\oraclepki\19.3.0.0\oraclepki-19.3.0.0.jar;C:\DO\nwu\repo\com\oracle\database\security\osdt_cert\19.3.0.0\osdt_cert-19.3.0.0.jar;C:\DO\nwu\repo\com\oracle\database\security\osdt_core\19.3.0.0\osdt_core-19.3.0.0.jar;C:\DO\nwu\repo\com\oracle\database\ha\simplefan\19.3.0.0\simplefan-19.3.0.0.jar;C:\DO\nwu\repo\com\oracle\database\ha\ons\19.3.0.0\ons-19.3.0.0.jar;C:\DO\nwu\repo\javax\validation\validation-api\2.0.1.Final\validation-api-2.0.1.Final.jar;C:\DO\nwu\repo\junit\junit\4.12\junit-4.12.jar;C:\DO\nwu\repo\org\hamcrest\hamcrest-core\1.3\hamcrest-core-1.3.jar;C:\DO\nwu\repo\org\mockito\mockito-core\2.23.4\mockito-core-2.23.4.jar;C:\DO\nwu\repo\net\bytebuddy\byte-buddy-agent\1.9.13\byte-buddy-agent-1.9.13.jar;C:\DO\nwu\repo\org\objenesis\objenesis\2.6\objenesis-2.6.jar;C:\DO\nwu\repo\org\mockito\mockito-inline\2.23.4\mockito-inline-2.23.4.jar;C:\DO\nwu\repo\org\mockito\mockito-junit-jupiter\2.23.4\mockito-junit-jupiter-2.23.4.jar;C:\DO\nwu\repo\org\junit\jupiter\junit-jupiter-api\5.3.2\junit-jupiter-api-5.3.2.jar;C:\DO\nwu\repo\org\apiguardian\apiguardian-api\1.0.0\apiguardian-api-1.0.0.jar;C:\DO\nwu\repo\org\opentest4j\opentest4j\1.1.1\opentest4j-1.1.1.jar;C:\DO\nwu\repo\org\junit\platform\junit-platform-commons\1.3.2\junit-platform-commons-1.3.2.jar;C:\DO\nwu\repo\net\bytebuddy\byte-buddy\1.8.11\byte-buddy-1.8.11.jar;"/>
    <property name="java.vm.vendor" value="Oracle Corporation"/>
    <property name="sun.arch.data.model" value="64"/>
    <property name="user.variant" value=""/>
    <property name="java.vendor.url" value="https://java.oracle.com/"/>
    <property name="user.timezone" value="Africa/Johannesburg"/>
    <property name="os.name" value="Windows 10"/>
    <property name="java.vm.specification.version" value="16"/>
    <property name="sun.java.launcher" value="SUN_STANDARD"/>
    <property name="user.country" value="ZA"/>
    <property name="sun.boot.library.path" value="C:\Program Files\Java\jdk-16.0.2\bin"/>
    <property name="sun.java.command" value="C:\Users\ASUSPC~1\AppData\Local\Temp\surefire8460209862913850131\surefirebooter3175391747204439811.jar C:\Users\Asus Pc\AppData\Local\Temp\surefire8460209862913850131 2021-10-07T18-11-46_418-jvmRun1 surefire16103008079595649838tmp surefire_09362772138912883160tmp"/>
    <property name="jdk.debug" value="release"/>
    <property name="surefire.test.class.path" value="C:\DO\nwu\AccuntSystem\AccountSystemLogic\target\test-classes;C:\DO\nwu\AccuntSystem\AccountSystemLogic\target\classes;C:\DO\nwu\AccuntSystem\AccountSystemDomain\target\AccountSystemDomain-1.0-SNAPSHOT.jar;C:\DO\nwu\repo\io\swagger\swagger-annotations\1.5.20\swagger-annotations-1.5.20.jar;C:\DO\nwu\repo\com\fasterxml\jackson\core\jackson-annotations\2.9.0\jackson-annotations-2.9.0.jar;C:\DO\nwu\AccuntSystem\AccountSystemTranslator\target\AccountSystemTranslator-1.0-SNAPSHOT.jar;C:\DO\nwu\AccuntSystem\AccountSystemRepository\target\AccountSystemRepository-1.0-SNAPSHOT.jar;C:\DO\nwu\repo\org\springframework\boot\spring-boot-starter\2.1.6.RELEASE\spring-boot-starter-2.1.6.RELEASE.jar;C:\DO\nwu\repo\org\springframework\boot\spring-boot\2.1.6.RELEASE\spring-boot-2.1.6.RELEASE.jar;C:\DO\nwu\repo\org\springframework\spring-context\5.1.8.RELEASE\spring-context-5.1.8.RELEASE.jar;C:\DO\nwu\repo\org\springframework\spring-expression\5.1.8.RELEASE\spring-expression-5.1.8.RELEASE.jar;C:\DO\nwu\repo\org\springframework\boot\spring-boot-autoconfigure\2.1.6.RELEASE\spring-boot-autoconfigure-2.1.6.RELEASE.jar;C:\DO\nwu\repo\org\springframework\boot\spring-boot-starter-logging\2.1.6.RELEASE\spring-boot-starter-logging-2.1.6.RELEASE.jar;C:\DO\nwu\repo\ch\qos\logback\logback-classic\1.2.3\logback-classic-1.2.3.jar;C:\DO\nwu\repo\ch\qos\logback\logback-core\1.2.3\logback-core-1.2.3.jar;C:\DO\nwu\repo\org\apache\logging\log4j\log4j-to-slf4j\2.11.2\log4j-to-slf4j-2.11.2.jar;C:\DO\nwu\repo\org\apache\logging\log4j\log4j-api\2.11.2\log4j-api-2.11.2.jar;C:\DO\nwu\repo\org\slf4j\jul-to-slf4j\1.7.26\jul-to-slf4j-1.7.26.jar;C:\DO\nwu\repo\javax\annotation\javax.annotation-api\1.3.2\javax.annotation-api-1.3.2.jar;C:\DO\nwu\repo\org\springframework\spring-core\5.1.8.RELEASE\spring-core-5.1.8.RELEASE.jar;C:\DO\nwu\repo\org\springframework\spring-jcl\5.1.8.RELEASE\spring-jcl-5.1.8.RELEASE.jar;C:\DO\nwu\repo\org\yaml\snakeyaml\1.23\snakeyaml-1.23.jar;C:\DO\nwu\repo\org\springframework\boot\spring-boot-starter-data-jpa\2.1.6.RELEASE\spring-boot-starter-data-jpa-2.1.6.RELEASE.jar;C:\DO\nwu\repo\org\springframework\boot\spring-boot-starter-aop\2.1.6.RELEASE\spring-boot-starter-aop-2.1.6.RELEASE.jar;C:\DO\nwu\repo\org\springframework\spring-aop\5.1.8.RELEASE\spring-aop-5.1.8.RELEASE.jar;C:\DO\nwu\repo\org\aspectj\aspectjweaver\1.9.4\aspectjweaver-1.9.4.jar;C:\DO\nwu\repo\org\springframework\boot\spring-boot-starter-jdbc\2.1.6.RELEASE\spring-boot-starter-jdbc-2.1.6.RELEASE.jar;C:\DO\nwu\repo\com\zaxxer\HikariCP\3.2.0\HikariCP-3.2.0.jar;C:\DO\nwu\repo\org\springframework\spring-jdbc\5.1.8.RELEASE\spring-jdbc-5.1.8.RELEASE.jar;C:\DO\nwu\repo\javax\transaction\javax.transaction-api\1.3\javax.transaction-api-1.3.jar;C:\DO\nwu\repo\javax\xml\bind\jaxb-api\2.3.1\jaxb-api-2.3.1.jar;C:\DO\nwu\repo\javax\activation\javax.activation-api\1.2.0\javax.activation-api-1.2.0.jar;C:\DO\nwu\repo\org\hibernate\hibernate-core\5.3.10.Final\hibernate-core-5.3.10.Final.jar;C:\DO\nwu\repo\org\jboss\logging\jboss-logging\3.3.2.Final\jboss-logging-3.3.2.Final.jar;C:\DO\nwu\repo\javax\persistence\javax.persistence-api\2.2\javax.persistence-api-2.2.jar;C:\DO\nwu\repo\org\javassist\javassist\3.23.2-GA\javassist-3.23.2-GA.jar;C:\DO\nwu\repo\antlr\antlr\2.7.7\antlr-2.7.7.jar;C:\DO\nwu\repo\org\jboss\jandex\2.0.5.Final\jandex-2.0.5.Final.jar;C:\DO\nwu\repo\com\fasterxml\classmate\1.4.0\classmate-1.4.0.jar;C:\DO\nwu\repo\org\dom4j\dom4j\2.1.1\dom4j-2.1.1.jar;C:\DO\nwu\repo\org\hibernate\common\hibernate-commons-annotations\5.0.4.Final\hibernate-commons-annotations-5.0.4.Final.jar;C:\DO\nwu\repo\org\springframework\data\spring-data-jpa\2.1.9.RELEASE\spring-data-jpa-2.1.9.RELEASE.jar;C:\DO\nwu\repo\org\springframework\data\spring-data-commons\2.1.9.RELEASE\spring-data-commons-2.1.9.RELEASE.jar;C:\DO\nwu\repo\org\springframework\spring-orm\5.1.8.RELEASE\spring-orm-5.1.8.RELEASE.jar;C:\DO\nwu\repo\org\springframework\spring-tx\5.1.8.RELEASE\spring-tx-5.1.8.RELEASE.jar;C:\DO\nwu\repo\org\springframework\spring-beans\5.1.8.RELEASE\spring-beans-5.1.8.RELEASE.jar;C:\DO\nwu\repo\org\slf4j\slf4j-api\1.7.26\slf4j-api-1.7.26.jar;C:\DO\nwu\repo\org\springframework\spring-aspects\5.1.8.RELEASE\spring-aspects-5.1.8.RELEASE.jar;C:\DO\nwu\repo\com\oracle\database\jdbc\ojdbc8\19.3.0.0\ojdbc8-19.3.0.0.jar;C:\DO\nwu\repo\com\oracle\database\jdbc\ucp\19.3.0.0\ucp-19.3.0.0.jar;C:\DO\nwu\repo\com\oracle\database\security\oraclepki\19.3.0.0\oraclepki-19.3.0.0.jar;C:\DO\nwu\repo\com\oracle\database\security\osdt_cert\19.3.0.0\osdt_cert-19.3.0.0.jar;C:\DO\nwu\repo\com\oracle\database\security\osdt_core\19.3.0.0\osdt_core-19.3.0.0.jar;C:\DO\nwu\repo\com\oracle\database\ha\simplefan\19.3.0.0\simplefan-19.3.0.0.jar;C:\DO\nwu\repo\com\oracle\database\ha\ons\19.3.0.0\ons-19.3.0.0.jar;C:\DO\nwu\repo\javax\validation\validation-api\2.0.1.Final\validation-api-2.0.1.Final.jar;C:\DO\nwu\repo\junit\junit\4.12\junit-4.12.jar;C:\DO\nwu\repo\org\hamcrest\hamcrest-core\1.3\hamcrest-core-1.3.jar;C:\DO\nwu\repo\org\mockito\mockito-core\2.23.4\mockito-core-2.23.4.jar;C:\DO\nwu\repo\net\bytebuddy\byte-buddy-agent\1.9.13\byte-buddy-agent-1.9.13.jar;C:\DO\nwu\repo\org\objenesis\objenesis\2.6\objenesis-2.6.jar;C:\DO\nwu\repo\org\mockito\mockito-inline\2.23.4\mockito-inline-2.23.4.jar;C:\DO\nwu\repo\org\mockito\mockito-junit-jupiter\2.23.4\mockito-junit-jupiter-2.23.4.jar;C:\DO\nwu\repo\org\junit\jupiter\junit-jupiter-api\5.3.2\junit-jupiter-api-5.3.2.jar;C:\DO\nwu\repo\org\apiguardian\apiguardian-api\1.0.0\apiguardian-api-1.0.0.jar;C:\DO\nwu\repo\org\opentest4j\opentest4j\1.1.1\opentest4j-1.1.1.jar;C:\DO\nwu\repo\org\junit\platform\junit-platform-commons\1.3.2\junit-platform-commons-1.3.2.jar;C:\DO\nwu\repo\net\bytebuddy\byte-buddy\1.8.11\byte-buddy-1.8.11.jar;"/>
    <property name="sun.cpu.endian" value="little"/>
    <property name="user.home" value="C:\Users\Asus Pc"/>
    <property name="user.language" value="en"/>
    <property name="java.specification.vendor" value="Oracle Corporation"/>
    <property name="java.version.date" value="2021-07-20"/>
    <property name="java.home" value="C:\Program Files\Java\jdk-16.0.2"/>
    <property name="file.separator" value="\"/>
    <property name="basedir" value="C:\DO\nwu\AccuntSystem\AccountSystemLogic"/>
    <property name="java.vm.compressedOopsMode" value="32-bit"/>
    <property name="line.separator" value="&#10;"/>
    <property name="java.vm.specification.vendor" value="Oracle Corporation"/>
    <property name="java.specification.name" value="Java Platform API Specification"/>
    <property name="surefire.real.class.path" value="C:\Users\ASUSPC~1\AppData\Local\Temp\surefire8460209862913850131\surefirebooter3175391747204439811.jar"/>
    <property name="user.script" value=""/>
    <property name="sun.management.compiler" value="HotSpot 64-Bit Tiered Compilers"/>
    <property name="java.runtime.version" value="16.0.2+7-67"/>
    <property name="user.name" value="Asus Pc"/>
    <property name="path.separator" value=";"/>
    <property name="os.version" value="10.0"/>
    <property name="java.runtime.name" value="Java(TM) SE Runtime Environment"/>
    <property name="file.encoding" value="Cp1252"/>
    <property name="java.vm.name" value="Java HotSpot(TM) 64-Bit Server VM"/>
    <property name="localRepository" value="C:\DO\nwu\repo"/>
    <property name="java.vendor.url.bug" value="https://bugreport.java.com/bugreport/"/>
    <property name="java.io.tmpdir" value="C:\Users\ASUSPC~1\AppData\Local\Temp\"/>
    <property name="idea.version" value="2021.2"/>
    <property name="java.version" value="16.0.2"/>
    <property name="user.dir" value="C:\DO\nwu\AccuntSystem\AccountSystemLogic"/>
    <property name="os.arch" value="amd64"/>
    <property name="java.vm.specification.name" value="Java Virtual Machine Specification"/>
    <property name="sun.os.patch.level" value=""/>
    <property name="java.library.path" value="C:\Program Files\Java\jdk-16.0.2\bin;C:\WINDOWS\Sun\Java\bin;C:\WINDOWS\system32;C:\WINDOWS;C:\oraclexe\app\oracle\product\11.2.0\server\bin;C:\Program Files\Common Files\Oracle\Java\javapath;C:\oraclexe\app\oracle\product\11.2.0\server\bin;C:\WINDOWS\system32;C:\WINDOWS;C:\WINDOWS\System32\Wbem;C:\WINDOWS\System32\WindowsPowerShell\v1.0\;C:\WINDOWS\System32\OpenSSH\;C:\Program Files\Microsoft VS Code\bin;C:\Program Files\Microsoft SQL Server\130\Tools\Binn\;C:\Program Files\dotnet\;C:\Program Files\Git\cmd;C:\Program Files\Java\jdk-16.0.2\bin;C:\Program Files\MySQL\MySQL Shell 8.0\bin\;C:\Program Files\Java\jdk-16.0.2\bin;C:\apache-maven-3.8.2\bin;C:\Users\Asus Pc\AppData\Local\Microsoft\WindowsApps;C:\Users\Asus Pc\AppData\Local\atom\bin;C:\Users\Asus Pc\AppData\Local\Microsoft\WindowsApps;C:\Users\Asus Pc\.dotnet\tools;C:\Users\Asus Pc\AppData\Local\GitHubDesktop\bin;C:\Program Files\Java\jdk-16.0.2\bin;;."/>
    <property name="java.vm.info" value="mixed mode, sharing"/>
    <property name="java.vendor" value="Oracle Corporation"/>
    <property name="java.vm.version" value="16.0.2+7-67"/>
    <property name="sun.io.unicode.encoding" value="UnicodeLittle"/>
    <property name="java.class.version" value="60.0"/>
  </properties>
  <testcase name="za.ac.nwu.ac.logic.flow.impl.CreateAccountTypeFlowImplTest" classname="za.ac.nwu.ac.logic.flow.impl.CreateAccountTypeFlowImplTest" time="12.428">
    <error message="&#10;Mockito cannot mock this class: interface za.ac.nwu.translator.MemberTypeTranslator.&#10;&#10;If you&apos;re not sure why you&apos;re getting this error, please report to the mailing list.&#10;&#10;&#10;Java               : 16&#10;JVM vendor name    : Oracle Corporation&#10;JVM vendor version : 16.0.2+7-67&#10;JVM name           : Java HotSpot(TM) 64-Bit Server VM&#10;JVM version        : 16.0.2+7-67&#10;JVM info           : mixed mode, sharing&#10;OS name            : Windows 10&#10;OS version         : 10.0&#10;&#10;&#10;You are seeing this disclaimer because Mockito is configured to create inlined mocks.&#10;You can learn about inline mocks and their limitations under item #39 of the Mockito class javadoc.&#10;&#10;Underlying exception : org.mockito.exceptions.base.MockitoException: Could not modify all classes [interface za.ac.nwu.translator.MemberTypeTranslator]" type="org.mockito.exceptions.base.MockitoException">org.mockito.exceptions.base.MockitoException: 

Mockito cannot mock this class: interface za.ac.nwu.translator.MemberTypeTranslator.

If you're not sure why you're getting this error, please report to the mailing list.


Java               : 16
JVM vendor name    : Oracle Corporation
JVM vendor version : 16.0.2+7-67
JVM name           : Java HotSpot(TM) 64-Bit Server VM
JVM version        : 16.0.2+7-67
JVM info           : mixed mode, sharing
OS name            : Windows 10
OS version         : 10.0


You are seeing this disclaimer because Mockito is configured to create inlined mocks.
You can learn about inline mocks and their limitations under item #39 of the Mockito class javadoc.

Underlying exception : org.mockito.exceptions.base.MockitoException: Could not modify all classes [interface za.ac.nwu.translator.MemberTypeTranslator]
Caused by: org.mockito.exceptions.base.MockitoException: Could not modify all classes [interface za.ac.nwu.translator.MemberTypeTranslator]
Caused by: java.lang.IllegalStateException: 

Byte Buddy could not instrument all classes within the mock's type hierarchy

This problem should never occur for javac-compiled classes. This problem has been observed for classes that are:
 - Compiled by older versions of scalac
 - Classes that are part of the Android distribution
Caused by: java.lang.IllegalArgumentException: Unsupported class file major version 60
</error>
  </testcase>
</testsuite>